2020-01-13 20:28:31 info [server.js]: API server has created on port 4000
2020-01-13 20:28:31 info [server.js]: People DB has connected
2020-01-13 20:29:11 info [server.js]: API server has created on port 4000
2020-01-13 20:29:11 info [server.js]: People DB has connected
2020-01-13 20:43:37 info [server.js]: API server has created on port 4000
2020-01-13 20:43:37 info [server.js]: People DB has connected
2020-01-13 20:44:06 info [server.js]: API server has created on port 4000
2020-01-13 20:44:06 info [server.js]: People DB has connected
2020-01-13 20:44:12 error [server.js]: getQuestion: TypeError: Cannot read property 'firstName' of undefined
2020-01-13 20:46:51 info [server.js]: API server has created on port 4000
2020-01-13 20:46:51 info [server.js]: People DB has connected
2020-01-13 20:48:20 info [server.js]: API server has created on port 4000
2020-01-13 20:48:20 info [server.js]: People DB has connected
2020-01-13 20:48:24 info [server.js]: getQuestion: Question has been retrived
2020-01-13 20:49:56 info [server.js]: API server has created on port 4000
2020-01-13 20:49:56 info [server.js]: People DB has connected
2020-01-13 20:50:00 info [server.js]: getQuestion: data empt
2020-01-13 20:50:38 info [server.js]: API server has created on port 4000
2020-01-13 20:50:38 info [server.js]: People DB has connected
2020-01-13 20:50:44 info [server.js]: getQuestion: data empt
2020-01-13 20:52:30 info [server.js]: API server has created on port 4000
2020-01-13 20:52:30 info [server.js]: People DB has connected
2020-01-13 20:52:32 info [server.js]: getQuestion: data empt
2020-01-13 20:56:27 info [server.js]: API server has created on port 4000
2020-01-13 20:56:27 info [server.js]: People DB has connected
2020-01-13 20:56:28 info [server.js]: getQuestion: data empt
2020-01-13 20:57:05 info [server.js]: getQuestion: data empt
2020-01-13 20:57:09 info [server.js]: API server has created on port 4000
2020-01-13 20:57:09 info [server.js]: People DB has connected
2020-01-13 20:57:09 info [server.js]: getQuestion: data empt
2020-01-13 20:57:46 info [server.js]: API server has created on port 4000
2020-01-13 20:57:46 info [server.js]: People DB has connected
2020-01-13 20:57:46 info [server.js]: getQuestion: Question has been retrived
2020-01-13 20:57:59 info [server.js]: API server has created on port 4000
2020-01-13 20:57:59 info [server.js]: People DB has connected
2020-01-13 20:57:59 info [server.js]: getQuestion: Question has been retrived
2020-01-13 20:58:24 info [server.js]: API server has created on port 4000
2020-01-13 20:58:24 info [server.js]: People DB has connected
2020-01-13 20:58:24 info [server.js]: getQuestion: Question has been retrived
2020-01-13 21:18:52 info [server.js]: API server has created on port 4000
2020-01-13 21:18:52 info [server.js]: People DB has connected
2020-01-13 21:20:28 info [server.js]: API server has created on port 4000
2020-01-13 21:20:28 info [server.js]: People DB has connected
2020-01-13 21:24:12 info [server.js]: API server has created on port 4000
2020-01-13 21:24:12 info [server.js]: People DB has connected
2020-01-13 21:24:56 info [server.js]: API server has created on port 4000
2020-01-13 21:24:56 info [server.js]: People DB has connected
2020-01-13 21:25:36 info [server.js]: API server has created on port 4000
2020-01-13 21:25:36 info [server.js]: People DB has connected
2020-01-13 21:25:40 info [server.js]: API server has created on port 4000
2020-01-13 21:25:40 info [server.js]: People DB has connected
2020-01-13 21:25:42 info [server.js]: addQuestion: undefined
2020-01-13 21:28:24 info [server.js]: API server has created on port 4000
2020-01-13 21:28:24 info [server.js]: People DB has connected
2020-01-13 21:30:27 info [server.js]: API server has created on port 4000
2020-01-13 21:30:27 info [server.js]: People DB has connected
2020-01-13 21:30:31 info [server.js]: addQuestion: undefined
2020-01-13 21:31:04 info [server.js]: API server has created on port 4000
2020-01-13 21:31:04 info [server.js]: People DB has connected
2020-01-13 21:31:31 info [server.js]: API server has created on port 4000
2020-01-13 21:31:31 info [server.js]: People DB has connected
2020-01-13 21:31:36 info [server.js]: addQuestion: undefined
2020-01-13 21:32:45 info [server.js]: API server has created on port 4000
2020-01-13 21:32:45 info [server.js]: People DB has connected
2020-01-13 21:32:46 info [server.js]: addQuestion: undefined
2020-01-13 21:33:20 info [server.js]: API server has created on port 4000
2020-01-13 21:33:20 info [server.js]: People DB has connected
2020-01-13 21:33:34 info [server.js]: API server has created on port 4000
2020-01-13 21:33:34 info [server.js]: People DB has connected
2020-01-13 21:33:40 info [server.js]: API server has created on port 4000
2020-01-13 21:33:40 info [server.js]: People DB has connected
2020-01-13 21:34:20 info [server.js]: API server has created on port 4000
2020-01-13 21:34:20 info [server.js]: People DB has connected
2020-01-13 21:34:31 info [server.js]: addQuestion: undefined
2020-01-13 21:35:03 info [server.js]: API server has created on port 4000
2020-01-13 21:35:03 info [server.js]: People DB has connected
2020-01-13 21:38:14 info [server.js]: addQuestion: Question has been added successfully
2020-01-13 21:44:04 info [server.js]: API server has created on port 4000
2020-01-13 21:44:04 info [server.js]: People DB has connected
2020-01-13 21:45:40 info [server.js]: API server has created on port 4000
2020-01-13 21:45:40 info [server.js]: People DB has connected
2020-01-13 21:46:17 info [server.js]: addQuestion: Question has been added successfully
2020-01-13 21:48:20 info [server.js]: API server has created on port 4000
2020-01-13 21:48:20 info [server.js]: People DB has connected
2020-01-13 21:48:52 info [server.js]: API server has created on port 4000
2020-01-13 21:48:52 info [server.js]: People DB has connected
2020-01-13 21:49:01 info [server.js]: API server has created on port 4000
2020-01-13 21:49:01 info [server.js]: People DB has connected
2020-01-13 21:49:37 info [server.js]: addQuestion: Question has been added successfully
2020-01-13 21:53:57 info [server.js]: addQuestion: Question has been added successfully
2020-01-13 21:54:00 info [server.js]: addQuestion: Question has been added successfully
2020-01-13 21:54:06 info [server.js]: addQuestion: Question has been added successfully
2020-01-13 21:54:14 info [server.js]: addQuestion: Question has been added successfully
2020-01-13 21:55:56 info [server.js]: API server has created on port 4000
2020-01-13 21:55:56 info [server.js]: People DB has connected
2020-01-13 21:56:49 info [server.js]: API server has created on port 4000
2020-01-13 21:56:49 info [server.js]: People DB has connected
2020-01-13 21:58:55 info [server.js]: API server has created on port 4000
2020-01-13 21:58:55 info [server.js]: People DB has connected
2020-01-13 21:59:21 info [server.js]: getQuestion: Question has been retrived
2020-01-13 21:59:41 info [server.js]: API server has created on port 4000
2020-01-13 21:59:41 info [server.js]: People DB has connected
2020-01-13 21:59:43 info [server.js]: getQuestion: Question has been retrived
2020-01-13 21:59:51 info [server.js]: getQuestion: Question has been retrived
2020-01-13 22:00:17 info [server.js]: API server has created on port 4000
2020-01-13 22:00:17 info [server.js]: People DB has connected
2020-01-13 22:00:55 info [server.js]: getQuestion: Question has been retrived
2020-01-13 22:01:00 info [server.js]: API server has created on port 4000
2020-01-13 22:01:00 info [server.js]: People DB has connected
2020-01-13 22:01:10 info [server.js]: API server has created on port 4000
2020-01-13 22:01:10 info [server.js]: People DB has connected
2020-01-13 22:01:10 info [server.js]: getQuestion: Question has been retrived
2020-01-13 22:01:48 info [server.js]: API server has created on port 4000
2020-01-13 22:01:48 info [server.js]: People DB has connected
2020-01-13 22:01:48 info [server.js]: getQuestion: Question has been retrived
2020-01-13 22:02:31 info [server.js]: API server has created on port 4000
2020-01-13 22:02:31 info [server.js]: People DB has connected
2020-01-13 22:02:32 info [server.js]: getQuestion: Question has been retrived
2020-01-13 22:04:53 info [server.js]: API server has created on port 4000
2020-01-13 22:04:53 info [server.js]: People DB has connected
2020-01-13 22:05:33 info [server.js]: API server has created on port 4000
2020-01-13 22:05:34 info [server.js]: People DB has connected
2020-01-13 22:05:38 info [server.js]: getQuestion: Question has been retrived
2020-01-13 22:06:23 info [server.js]: API server has created on port 4000
2020-01-13 22:06:23 info [server.js]: People DB has connected
2020-01-13 22:06:24 info [server.js]: getQuestion: Question has been retrived
2020-01-13 22:06:56 info [server.js]: API server has created on port 4000
2020-01-13 22:06:56 info [server.js]: People DB has connected
2020-01-13 22:07:38 info [server.js]: API server has created on port 4000
2020-01-13 22:07:38 info [server.js]: People DB has connected
2020-01-13 22:07:44 info [server.js]: getQuestion: Question has been retrived
2020-01-13 22:07:51 info [server.js]: getQuestion: Question has been retrived
2020-01-13 22:07:56 info [server.js]: getQuestion: Question has been retrived
2020-01-13 22:08:52 info [server.js]: API server has created on port 4000
2020-01-13 22:08:52 info [server.js]: People DB has connected
2020-01-13 22:08:58 info [server.js]: getQuestion: Question has been retrived
2020-01-13 22:09:51 info [server.js]: API server has created on port 4000
2020-01-13 22:09:51 info [server.js]: People DB has connected
2020-01-13 22:12:29 info [server.js]: API server has created on port 4000
2020-01-13 22:12:29 info [server.js]: People DB has connected
2020-01-13 22:12:33 info [server.js]: getQuestion: Question has been retrived
2020-01-13 22:14:10 info [server.js]: API server has created on port 4000
2020-01-13 22:14:10 info [server.js]: People DB has connected
2020-01-13 22:14:29 info [server.js]: getQuestion: Question has been retrived
2020-01-13 22:19:43 info [server.js]: API server has created on port 4000
2020-01-13 22:19:43 info [server.js]: People DB has connected
2020-01-13 22:19:56 info [server.js]: getQuestion: Question has been retrived
2020-01-13 22:20:56 info [server.js]: API server has created on port 4000
2020-01-13 22:20:56 info [server.js]: People DB has connected
2020-01-13 22:21:04 info [server.js]: getQuestion: Question has been retrived
2020-01-13 22:22:34 info [server.js]: API server has created on port 4000
2020-01-13 22:22:34 info [server.js]: People DB has connected
2020-01-13 22:23:27 info [server.js]: API server has created on port 4000
2020-01-13 22:23:27 info [server.js]: People DB has connected
2020-01-13 22:23:51 info [server.js]: API server has created on port 4000
2020-01-13 22:23:51 info [server.js]: People DB has connected
2020-01-13 22:24:00 info [server.js]: API server has created on port 4000
2020-01-13 22:24:00 info [server.js]: People DB has connected
2020-01-13 22:24:04 info [server.js]: getQuestion: Question has been retrived
2020-01-13 22:25:15 info [server.js]: API server has created on port 4000
2020-01-13 22:25:15 info [server.js]: People DB has connected
2020-01-13 22:25:16 info [server.js]: getQuestion: Question has been retrived
2020-01-13 22:29:39 info [server.js]: API server has created on port 4000
2020-01-13 22:29:39 info [server.js]: People DB has connected
2020-01-13 22:31:17 info [server.js]: API server has created on port 4000
2020-01-13 22:31:17 info [server.js]: People DB has connected
2020-01-13 22:32:03 info [server.js]: API server has created on port 4000
2020-01-13 22:32:03 info [server.js]: People DB has connected
2020-01-13 22:32:08 info [server.js]: getQuestion: Question has been retrived
2020-01-13 22:33:08 info [server.js]: API server has created on port 4000
2020-01-13 22:33:08 info [server.js]: People DB has connected
2020-01-13 22:36:50 info [server.js]: API server has created on port 4000
2020-01-13 22:36:50 info [server.js]: People DB has connected
2020-01-13 22:36:58 info [server.js]: API server has created on port 4000
2020-01-13 22:36:58 info [server.js]: People DB has connected
2020-01-13 22:37:26 info [server.js]: API server has created on port 4000
2020-01-13 22:37:26 info [server.js]: People DB has connected
2020-01-13 22:37:31 info [server.js]: getQuestion: Question has been retrived
2020-01-13 22:38:30 info [server.js]: API server has created on port 4000
2020-01-13 22:38:30 info [server.js]: People DB has connected
2020-01-13 22:38:34 info [server.js]: API server has created on port 4000
2020-01-13 22:38:34 info [server.js]: People DB has connected
2020-01-13 22:39:01 info [server.js]: API server has created on port 4000
2020-01-13 22:39:01 info [server.js]: People DB has connected
2020-01-13 22:40:49 info [server.js]: API server has created on port 4000
2020-01-13 22:40:50 info [server.js]: People DB has connected
2020-01-13 22:41:24 info [server.js]: API server has created on port 4000
2020-01-13 22:41:24 info [server.js]: People DB has connected
2020-01-13 22:44:52 info [server.js]: API server has created on port 4000
2020-01-13 22:44:52 info [server.js]: People DB has connected
2020-01-13 22:45:09 info [server.js]: API server has created on port 4000
2020-01-13 22:45:09 info [server.js]: People DB has connected
2020-01-13 22:45:10 info [server.js]: getQuestion: Question has been retrived
2020-01-13 22:45:27 info [server.js]: API server has created on port 4000
2020-01-13 22:45:27 info [server.js]: People DB has connected
2020-01-13 22:45:28 info [server.js]: getQuestion: Question has been retrived
2020-01-13 22:46:00 info [server.js]: API server has created on port 4000
2020-01-13 22:46:00 info [server.js]: People DB has connected
2020-01-13 22:46:21 info [server.js]: API server has created on port 4000
2020-01-13 22:46:21 info [server.js]: People DB has connected
2020-01-13 22:46:24 info [server.js]: getQuestion: Question has been retrived
2020-01-13 22:46:38 info [server.js]: getQuestion: Question has been retrived
2020-01-13 22:46:43 info [server.js]: API server has created on port 4000
2020-01-13 22:46:43 info [server.js]: People DB has connected
2020-01-13 22:47:09 info [server.js]: API server has created on port 4000
2020-01-13 22:47:09 info [server.js]: People DB has connected
2020-01-13 22:47:09 info [server.js]: getQuestion: Question has been retrived
2020-01-13 22:47:27 info [server.js]: API server has created on port 4000
2020-01-13 22:47:27 info [server.js]: People DB has connected
2020-01-13 22:47:28 info [server.js]: getQuestion: Question has been retrived
2020-01-13 22:47:53 info [server.js]: API server has created on port 4000
2020-01-13 22:47:53 info [server.js]: People DB has connected
2020-01-13 22:47:55 info [server.js]: getQuestion: Question has been retrived
2020-01-13 22:48:13 info [server.js]: API server has created on port 4000
2020-01-13 22:48:13 info [server.js]: People DB has connected
2020-01-13 22:48:13 info [server.js]: getQuestion: Question has been retrived
2020-01-13 22:48:30 info [server.js]: API server has created on port 4000
2020-01-13 22:48:30 info [server.js]: People DB has connected
2020-01-13 22:48:31 info [server.js]: getQuestion: Question has been retrived
2020-01-13 22:48:42 info [server.js]: API server has created on port 4000
2020-01-13 22:48:42 info [server.js]: People DB has connected
2020-01-13 22:48:42 info [server.js]: getQuestion: Question has been retrived
2020-01-13 22:48:47 info [server.js]: getQuestion: Question has been retrived
2020-01-13 22:48:53 info [server.js]: API server has created on port 4000
2020-01-13 22:48:53 info [server.js]: People DB has connected
2020-01-13 22:48:53 info [server.js]: getQuestion: Question has been retrived
2020-01-13 22:49:23 info [server.js]: API server has created on port 4000
2020-01-13 22:49:23 info [server.js]: People DB has connected
2020-01-13 22:49:23 info [server.js]: getQuestion: Question has been retrived
2020-01-13 22:49:33 info [server.js]: API server has created on port 4000
2020-01-13 22:49:33 info [server.js]: People DB has connected
2020-01-13 22:49:33 info [server.js]: getQuestion: Question has been retrived
2020-01-13 22:49:40 info [server.js]: API server has created on port 4000
2020-01-13 22:49:40 info [server.js]: People DB has connected
2020-01-13 22:49:40 info [server.js]: getQuestion: Question has been retrived
2020-01-13 22:57:47 info [server.js]: API server has created on port 4000
2020-01-13 22:57:47 info [server.js]: People DB has connected
2020-01-13 23:00:25 info [server.js]: API server has created on port 4000
2020-01-13 23:00:25 info [server.js]: People DB has connected
2020-01-13 23:00:33 info [server.js]: API server has created on port 4000
2020-01-13 23:00:33 info [server.js]: People DB has connected
2020-01-13 23:00:55 info [server.js]: API server has created on port 4000
2020-01-13 23:00:55 info [server.js]: People DB has connected
2020-01-13 23:00:58 info [server.js]: getQuestion: data empt
2020-01-13 23:01:17 info [server.js]: API server has created on port 4000
2020-01-13 23:01:17 info [server.js]: People DB has connected
2020-01-13 23:01:18 error [server.js]: getQuestion: MongoError: unknown top level operator: $orderby
2020-01-13 23:04:09 info [server.js]: API server has created on port 4000
2020-01-13 23:04:09 info [server.js]: People DB has connected
2020-01-13 23:04:30 info [server.js]: API server has created on port 4000
2020-01-13 23:04:30 info [server.js]: People DB has connected
2020-01-13 23:04:30 info [server.js]: getQuestion: Question has been retrived
2020-01-13 23:04:35 info [server.js]: getQuestion: Question has been retrived
2020-01-13 23:05:04 info [server.js]: API server has created on port 4000
2020-01-13 23:05:04 info [server.js]: People DB has connected
2020-01-13 23:05:04 info [server.js]: getQuestion: Question has been retrived
2020-01-13 23:05:08 info [server.js]: getQuestion: Question has been retrived
2020-01-13 23:05:09 info [server.js]: getQuestion: Question has been retrived
2020-01-13 23:05:19 info [server.js]: API server has created on port 4000
2020-01-13 23:05:19 info [server.js]: People DB has connected
2020-01-13 23:05:34 info [server.js]: API server has created on port 4000
2020-01-13 23:05:34 info [server.js]: People DB has connected
2020-01-13 23:05:34 info [server.js]: getQuestion: Question has been retrived
2020-01-13 23:09:05 info [server.js]: API server has created on port 4000
2020-01-13 23:09:05 info [server.js]: People DB has connected
2020-01-13 23:09:06 info [server.js]: getQuestion: Question has been retrived
2020-01-13 23:09:45 info [server.js]: API server has created on port 4000
2020-01-13 23:09:45 info [server.js]: People DB has connected
2020-01-13 23:09:47 info [server.js]: getQuestion: data empt
2020-01-13 23:09:53 info [server.js]: getQuestion: data empt
