2020-01-14 10:30:02 info [server.js]: API server has created on port 4000
2020-01-14 10:30:02 info [server.js]: People DB has connected
2020-01-14 10:30:05 info [server.js]: getQuestion: Question has been retrived
2020-01-14 10:30:11 info [server.js]: getQuestion: Question has been retrived
2020-01-14 10:30:14 info [server.js]: getQuestion: Question has been retrived
2020-01-14 10:30:14 info [server.js]: getQuestion: Question has been retrived
2020-01-14 10:30:15 info [server.js]: getQuestion: Question has been retrived
2020-01-14 10:30:16 info [server.js]: getQuestion: Question has been retrived
2020-01-14 10:30:17 info [server.js]: getQuestion: Question has been retrived
2020-01-14 10:30:18 info [server.js]: getQuestion: Question has been retrived
2020-01-14 10:30:19 info [server.js]: getQuestion: Question has been retrived
2020-01-14 10:30:20 info [server.js]: getQuestion: Question has been retrived
2020-01-14 10:30:23 info [server.js]: getQuestion: Question has been retrived
2020-01-14 10:30:24 info [server.js]: getQuestion: Question has been retrived
2020-01-14 10:30:25 info [server.js]: getQuestion: Question has been retrived
2020-01-14 10:30:26 info [server.js]: getQuestion: Question has been retrived
2020-01-14 10:30:27 info [server.js]: getQuestion: Question has been retrived
2020-01-14 10:30:27 info [server.js]: getQuestion: Question has been retrived
2020-01-14 10:30:28 info [server.js]: getQuestion: Question has been retrived
2020-01-14 10:30:30 info [server.js]: getQuestion: Question has been retrived
2020-01-14 10:31:21 info [server.js]: API server has created on port 4000
2020-01-14 10:31:21 info [server.js]: People DB has connected
2020-01-14 10:31:24 info [server.js]: getQuestion: Question has been retrived
2020-01-14 10:31:26 info [server.js]: getQuestion: Question has been retrived
2020-01-14 10:31:42 info [server.js]: API server has created on port 4000
2020-01-14 10:31:42 info [server.js]: People DB has connected
2020-01-14 10:31:43 info [server.js]: getQuestion: Question has been retrived
2020-01-14 10:32:05 info [server.js]: API server has created on port 4000
2020-01-14 10:32:05 info [server.js]: People DB has connected
2020-01-14 10:32:06 info [server.js]: getQuestion: Question has been retrived
2020-01-14 10:32:08 info [server.js]: getQuestion: Question has been retrived
2020-01-14 10:32:09 info [server.js]: getQuestion: Question has been retrived
2020-01-14 10:32:10 info [server.js]: getQuestion: Question has been retrived
2020-01-14 10:32:11 info [server.js]: getQuestion: Question has been retrived
2020-01-14 10:32:12 info [server.js]: getQuestion: Question has been retrived
2020-01-14 10:32:12 info [server.js]: getQuestion: Question has been retrived
2020-01-14 10:32:13 info [server.js]: getQuestion: Question has been retrived
2020-01-14 10:32:14 info [server.js]: getQuestion: Question has been retrived
2020-01-14 10:32:15 info [server.js]: getQuestion: Question has been retrived
2020-01-14 10:32:16 info [server.js]: getQuestion: Question has been retrived
2020-01-14 10:32:17 info [server.js]: getQuestion: Question has been retrived
2020-01-14 10:32:17 info [server.js]: getQuestion: Question has been retrived
2020-01-14 10:32:19 info [server.js]: getQuestion: Question has been retrived
2020-01-14 10:32:19 info [server.js]: getQuestion: Question has been retrived
2020-01-14 10:32:20 info [server.js]: getQuestion: Question has been retrived
2020-01-14 10:32:21 info [server.js]: getQuestion: Question has been retrived
2020-01-14 10:35:10 info [server.js]: API server has created on port 4000
2020-01-14 10:35:10 info [server.js]: People DB has connected
2020-01-14 10:35:12 info [server.js]: getQuestion: Question has been retrived
2020-01-14 10:35:48 info [server.js]: API server has created on port 4000
2020-01-14 10:35:48 info [server.js]: People DB has connected
2020-01-14 10:35:57 info [server.js]: API server has created on port 4000
2020-01-14 10:35:57 info [server.js]: People DB has connected
2020-01-14 10:35:59 info [server.js]: getQuestion: Question has been retrived
2020-01-14 10:36:29 info [server.js]: API server has created on port 4000
2020-01-14 10:36:29 info [server.js]: People DB has connected
2020-01-14 10:36:32 info [server.js]: API server has created on port 4000
2020-01-14 10:36:32 info [server.js]: People DB has connected
2020-01-14 10:38:20 info [server.js]: API server has created on port 4000
2020-01-14 10:38:20 info [server.js]: People DB has connected
2020-01-14 10:38:23 info [server.js]: API server has created on port 4000
2020-01-14 10:38:23 info [server.js]: People DB has connected
2020-01-14 10:38:26 info [server.js]: API server has created on port 4000
2020-01-14 10:38:26 info [server.js]: People DB has connected
2020-01-14 10:38:38 info [server.js]: getQuestion: Question has been retrived
2020-01-14 10:39:01 info [server.js]: API server has created on port 4000
2020-01-14 10:39:01 info [server.js]: People DB has connected
2020-01-14 10:39:01 info [server.js]: getQuestion: Question has been retrived
2020-01-14 10:39:02 info [server.js]: getQuestion: Question has been retrived
2020-01-14 10:39:03 info [server.js]: getQuestion: Question has been retrived
2020-01-14 10:39:04 info [server.js]: getQuestion: Question has been retrived
2020-01-14 10:39:05 info [server.js]: getQuestion: Question has been retrived
2020-01-14 10:39:06 info [server.js]: getQuestion: Question has been retrived
2020-01-14 10:39:07 info [server.js]: getQuestion: Question has been retrived
2020-01-14 10:39:08 info [server.js]: getQuestion: Question has been retrived
2020-01-14 10:39:09 info [server.js]: getQuestion: Question has been retrived
2020-01-14 10:39:10 info [server.js]: getQuestion: Question has been retrived
2020-01-14 10:39:11 info [server.js]: getQuestion: Question has been retrived
2020-01-14 10:39:12 info [server.js]: getQuestion: Question has been retrived
2020-01-14 10:39:13 info [server.js]: getQuestion: Question has been retrived
2020-01-14 10:39:14 info [server.js]: getQuestion: Question has been retrived
2020-01-14 10:39:15 info [server.js]: getQuestion: Question has been retrived
2020-01-14 10:48:57 info [server.js]: getQuestion: Question has been retrived
2020-01-14 10:48:57 info [server.js]: getQuestion: Question has been retrived
2020-01-14 16:30:02 info [server.js]: API server has created on port 4000
2020-01-14 16:30:02 info [server.js]: People DB has connected
2020-01-14 16:33:05 info [server.js]: API server has created on port 4000
2020-01-14 16:33:05 info [server.js]: People DB has connected
2020-01-14 16:38:41 info [server.js]: API server has created on port 4000
2020-01-14 16:38:41 info [server.js]: People DB has connected
2020-01-14 16:38:47 info [server.js]: API server has created on port 4000
2020-01-14 16:38:47 info [server.js]: People DB has connected
2020-01-14 16:39:18 info [server.js]: getQuestion: Question has been retrived
2020-01-14 16:40:03 info [server.js]: addparticipant: Question has been added successfully
2020-01-14 16:40:27 info [server.js]: API server has created on port 4000
2020-01-14 16:40:27 info [server.js]: People DB has connected
2020-01-14 16:40:28 info [server.js]: addparticipant: Participant has been added successfully
2020-01-14 16:55:07 info [server.js]: addparticipant: Participant has been added successfully
2020-01-14 16:56:52 info [server.js]: API server has created on port 4000
2020-01-14 16:56:52 info [server.js]: People DB has connected
2020-01-14 16:57:07 info [server.js]: addparticipant: Participant has been added successfully
2020-01-14 16:57:32 info [server.js]: API server has created on port 4000
2020-01-14 16:57:32 info [server.js]: People DB has connected
2020-01-14 16:57:38 info [server.js]: addparticipant: Participant has been added successfully
2020-01-14 17:43:29 info [server.js]: getQuestion: Question has been retrived
2020-01-14 18:10:27 info [server.js]: API server has created on port 4000
2020-01-14 18:10:27 info [server.js]: People DB has connected
2020-01-14 18:10:34 info [server.js]: addparticipant: Participant has been added successfully
2020-01-14 18:10:41 info [server.js]: getQuestion: Question has been retrived
2020-01-14 18:11:39 info [server.js]: API server has created on port 4000
2020-01-14 18:11:39 info [server.js]: People DB has connected
2020-01-14 18:11:48 info [server.js]: addparticipant: Participant has been added successfully
2020-01-14 18:11:50 info [server.js]: getQuestion: Question has been retrived
2020-01-14 18:16:21 info [server.js]: getQuestion: Question has been retrived
2020-01-14 18:17:06 info [server.js]: API server has created on port 4000
2020-01-14 18:17:06 info [server.js]: People DB has connected
2020-01-14 18:17:07 info [server.js]: getQuestion: Question has been retrived
2020-01-14 18:28:19 info [server.js]: addparticipant: Participant has been added successfully
2020-01-14 18:28:19 info [server.js]: getQuestion: Question has been retrived
2020-01-14 18:29:22 info [server.js]: addparticipant: Participant has been added successfully
2020-01-14 18:29:22 info [server.js]: getQuestion: Question has been retrived
2020-01-14 18:31:13 info [server.js]: getQuestion: Question has been retrived
2020-01-14 18:35:48 info [server.js]: addparticipant: Participant has been added successfully
2020-01-14 18:35:48 info [server.js]: getQuestion: Question has been retrived
2020-01-14 18:39:04 info [server.js]: addparticipant: Participant has been added successfully
2020-01-14 18:39:04 info [server.js]: getQuestion: Question has been retrived
2020-01-14 18:40:05 info [server.js]: addparticipant: Participant has been added successfully
2020-01-14 18:40:05 info [server.js]: getQuestion: Question has been retrived
2020-01-14 18:43:38 info [server.js]: API server has created on port 4000
2020-01-14 18:43:38 info [server.js]: People DB has connected
2020-01-14 18:44:45 info [server.js]: API server has created on port 4000
2020-01-14 18:44:45 info [server.js]: People DB has connected
2020-01-14 18:45:29 info [server.js]: API server has created on port 4000
2020-01-14 18:45:29 info [server.js]: People DB has connected
2020-01-14 18:47:12 info [server.js]: addQuestion: Question has been added successfully
2020-01-14 18:47:30 info [server.js]: addQuestion: Question has been added successfully
2020-01-14 18:47:37 info [server.js]: addQuestion: Question has been added successfully
2020-01-14 18:47:51 info [server.js]: addparticipant: Participant has been added successfully
2020-01-14 18:47:52 info [server.js]: getQuestion: Question has been retrived
2020-01-14 18:49:01 info [server.js]: addparticipant: Participant has been added successfully
2020-01-14 18:49:01 info [server.js]: getQuestion: Question has been retrived
2020-01-14 19:00:40 info [server.js]: addparticipant: Participant has been added successfully
2020-01-14 19:00:40 info [server.js]: getQuestion: Question has been retrived
2020-01-14 19:04:57 info [server.js]: addQuestion: Question has been added successfully
2020-01-14 19:05:15 info [server.js]: addQuestion: Question has been added successfully
2020-01-14 19:05:27 info [server.js]: addQuestion: Question has been added successfully
2020-01-14 19:13:49 info [server.js]: addparticipant: Participant has been added successfully
2020-01-14 19:13:49 info [server.js]: getQuestion: Question has been retrived
