2020-01-15 11:25:37 info [server.js]: API server has created on port 4000
2020-01-15 11:26:20 info [server.js]: undefined
2020-01-15 11:29:55 info [server.js]: API server has created on port 4000
2020-01-15 11:30:25 info [server.js]: Server selection timed out after 30000 ms
2020-01-15 11:30:34 info [server.js]: API server has created on port 4000
2020-01-15 11:30:51 info [server.js]: API server has created on port 4000
2020-01-15 11:31:21 info [server.js]: Server selection timed out after 30000 ms
2020-01-15 11:31:55 info [server.js]: API server has created on port 4000
2020-01-15 11:31:55 info [server.js]: People DB has connected
2020-01-15 11:32:17 info [server.js]: addparticipant: Participant has been added successfully
2020-01-15 11:32:17 info [server.js]: getQuestion: Question has been retrived
2020-01-15 12:44:16 info [server.js]: addparticipant: Participant has been added successfully
2020-01-15 12:44:16 info [server.js]: getQuestion: Question has been retrived
2020-01-15 12:45:24 info [server.js]: addparticipant: Participant has been added successfully
2020-01-15 12:45:24 info [server.js]: getQuestion: Question has been retrived
2020-01-15 12:46:58 info [server.js]: addparticipant: Participant has been added successfully
2020-01-15 12:46:58 info [server.js]: getQuestion: Question has been retrived
2020-01-15 12:48:36 info [server.js]: addparticipant: Participant has been added successfully
2020-01-15 12:48:36 info [server.js]: getQuestion: Question has been retrived
2020-01-15 12:52:50 info [server.js]: addparticipant: Participant has been added successfully
2020-01-15 12:52:51 info [server.js]: getQuestion: Question has been retrived
2020-01-15 12:55:40 info [server.js]: addparticipant: Participant has been added successfully
2020-01-15 12:55:41 info [server.js]: getQuestion: Question has been retrived
2020-01-15 12:56:18 info [server.js]: addparticipant: Participant has been added successfully
2020-01-15 12:56:18 info [server.js]: getQuestion: Question has been retrived
2020-01-15 12:58:40 info [server.js]: addparticipant: Participant has been added successfully
2020-01-15 12:58:40 info [server.js]: getQuestion: Question has been retrived
2020-01-15 12:59:33 info [server.js]: addparticipant: Participant has been added successfully
2020-01-15 12:59:33 info [server.js]: getQuestion: Question has been retrived
2020-01-15 13:13:41 info [server.js]: addparticipant: Participant has been added successfully
2020-01-15 13:13:41 info [server.js]: getQuestion: Question has been retrived
2020-01-15 13:14:10 info [server.js]: addparticipant: Participant has been added successfully
2020-01-15 13:14:11 info [server.js]: getQuestion: Question has been retrived
2020-01-15 13:16:28 info [server.js]: addparticipant: Participant has been added successfully
2020-01-15 13:16:28 info [server.js]: getQuestion: Question has been retrived
2020-01-15 13:17:41 info [server.js]: addparticipant: Participant has been added successfully
2020-01-15 13:17:41 info [server.js]: getQuestion: Question has been retrived
2020-01-15 13:18:05 info [server.js]: addparticipant: Participant has been added successfully
2020-01-15 13:18:05 info [server.js]: getQuestion: Question has been retrived
2020-01-15 13:18:32 info [server.js]: addparticipant: Participant has been added successfully
2020-01-15 13:18:32 info [server.js]: getQuestion: Question has been retrived
2020-01-15 13:19:02 info [server.js]: addparticipant: Participant has been added successfully
2020-01-15 13:19:02 info [server.js]: getQuestion: Question has been retrived
2020-01-15 13:23:05 info [server.js]: addparticipant: Participant has been added successfully
2020-01-15 13:23:05 info [server.js]: getQuestion: Question has been retrived
2020-01-15 13:24:42 info [server.js]: addparticipant: Participant has been added successfully
2020-01-15 13:24:42 info [server.js]: getQuestion: Question has been retrived
2020-01-15 13:31:28 info [server.js]: addparticipant: Participant has been added successfully
2020-01-15 13:31:28 info [server.js]: getQuestion: Question has been retrived
2020-01-15 13:33:11 info [server.js]: addparticipant: Participant has been added successfully
2020-01-15 13:33:11 info [server.js]: getQuestion: Question has been retrived
2020-01-15 13:34:11 info [server.js]: addparticipant: Participant has been added successfully
2020-01-15 13:34:11 info [server.js]: getQuestion: Question has been retrived
2020-01-15 13:35:48 info [server.js]: addparticipant: Participant has been added successfully
2020-01-15 13:35:48 info [server.js]: getQuestion: Question has been retrived
2020-01-15 13:36:18 info [server.js]: addparticipant: Participant has been added successfully
2020-01-15 13:36:18 info [server.js]: getQuestion: Question has been retrived
2020-01-15 13:37:42 info [server.js]: addparticipant: Participant has been added successfully
2020-01-15 13:37:42 info [server.js]: getQuestion: Question has been retrived
2020-01-15 13:39:21 info [server.js]: addparticipant: Participant has been added successfully
2020-01-15 13:39:21 info [server.js]: getQuestion: Question has been retrived
2020-01-15 13:40:39 info [server.js]: addparticipant: Participant has been added successfully
2020-01-15 13:40:39 info [server.js]: getQuestion: Question has been retrived
2020-01-15 14:29:39 info [server.js]: addparticipant: Participant has been added successfully
2020-01-15 14:29:39 info [server.js]: getQuestion: Question has been retrived
2020-01-15 14:31:49 info [server.js]: addparticipant: Participant has been added successfully
2020-01-15 14:31:49 info [server.js]: getQuestion: Question has been retrived
2020-01-15 14:38:15 info [server.js]: addparticipant: Participant has been added successfully
2020-01-15 14:38:15 info [server.js]: getQuestion: Question has been retrived
2020-01-15 14:40:26 info [server.js]: addparticipant: Participant has been added successfully
2020-01-15 14:40:27 info [server.js]: getQuestion: Question has been retrived
2020-01-15 14:43:00 info [server.js]: addparticipant: Participant has been added successfully
2020-01-15 14:43:00 info [server.js]: getQuestion: Question has been retrived
2020-01-15 14:46:03 info [server.js]: addparticipant: Participant has been added successfully
2020-01-15 14:46:03 info [server.js]: getQuestion: Question has been retrived
2020-01-15 15:00:58 info [server.js]: addparticipant: Participant has been added successfully
2020-01-15 15:00:58 info [server.js]: getQuestion: Question has been retrived
2020-01-15 15:01:51 info [server.js]: addparticipant: Participant has been added successfully
2020-01-15 15:01:51 info [server.js]: getQuestion: Question has been retrived
2020-01-15 15:02:22 info [server.js]: addparticipant: Participant has been added successfully
2020-01-15 15:02:22 info [server.js]: getQuestion: Question has been retrived
2020-01-15 15:03:24 info [server.js]: addparticipant: Participant has been added successfully
2020-01-15 15:03:24 info [server.js]: getQuestion: Question has been retrived
2020-01-15 15:04:52 info [server.js]: addparticipant: Participant has been added successfully
2020-01-15 15:04:52 info [server.js]: getQuestion: Question has been retrived
2020-01-15 15:10:54 info [server.js]: addparticipant: Participant has been added successfully
2020-01-15 15:10:54 info [server.js]: getQuestion: Question has been retrived
2020-01-15 15:28:28 info [server.js]: API server has created on port 4000
2020-01-15 15:28:28 info [server.js]: People DB has connected
2020-01-15 15:28:30 info [server.js]: addQuestion: Question has been added successfully
2020-01-15 15:29:03 info [server.js]: API server has created on port 4000
2020-01-15 15:29:03 info [server.js]: People DB has connected
2020-01-15 15:29:12 info [server.js]: API server has created on port 4000
2020-01-15 15:29:12 info [server.js]: People DB has connected
2020-01-15 15:29:41 info [server.js]: API server has created on port 4000
2020-01-15 15:29:41 info [server.js]: People DB has connected
2020-01-15 15:30:18 info [server.js]: API server has created on port 4000
2020-01-15 15:30:18 info [server.js]: People DB has connected
